2020-01-09 15:23:32.238|INFO|main|org.springframework.boot.StartupInfoLogger.logStarting(StartupInfoLogger.java:50)|: Starting SpringCommonApplication on xuerming with PID 656 (D:\daily\project\spring-study\spring-commom-8000\target\classes started by xuerming in D:\daily\project\spring-study)
2020-01-09 15:23:32.254|INFO|main|org.springframework.boot.SpringApplication.logStartupProfileInfo(SpringApplication.java:675)|: No active profile set, falling back to default profiles: default
2020-01-09 15:23:32.910|INFO|main|org.springframework.boot.web.embedded.tomcat.TomcatWebServer.initialize(TomcatWebServer.java:90)|: Tomcat initialized with port(s): 8000 (http)
2020-01-09 15:23:32.925|INFO|main|org.apache.juli.logging.DirectJDKLog.log(DirectJDKLog.java:173)|: Initializing ProtocolHandler ["http-nio-8000"]
2020-01-09 15:23:32.925|INFO|main|org.apache.juli.logging.DirectJDKLog.log(DirectJDKLog.java:173)|: Starting service [Tomcat]
2020-01-09 15:23:32.925|INFO|main|org.apache.juli.logging.DirectJDKLog.log(DirectJDKLog.java:173)|: Starting Servlet Engine: Apache Tomcat/9.0.13
2020-01-09 15:23:32.925|INFO|main|org.apache.juli.logging.DirectJDKLog.log(DirectJDKLog.java:173)|: The APR based Apache Tomcat Native library which allows optimal performance in production environments was not found on the java.library.path: [E:\tools\development_tool\JDK\JDK85_Install_Directory\bin;C:\WINDOWS\Sun\Java\bin;C:\WINDOWS\system32;C:\WINDOWS;C:\Program Files (x86)\Common Files\NetSarang;E:\tools\development_tool\nodejs\Install_Directory\;C:\ProgramData\Oracle\Java\javapath;C:\windows\system32;C:\windows;C:\windows\System32\Wbem;C:\windows\System32\WindowsPowerShell\v1.0\;C:\windows\System32\OpenSSH\;C:\Program Files (x86)\NVIDIA Corporation\PhysX\Common;C:\Program Files (x86)\Intel\Intel(R) Management Engine Components\DAL;C:\Program Files\Intel\Intel(R) Management Engine Components\DAL;%SystemRoot%\system32;%SystemRoot%;%SystemRoot%\System32\Wbem;%SYSTEMROOT%\System32\WindowsPowerShell\v1.0\;%SYSTEMROOT%\System32\OpenSSH\;E:\tools\development_tool\GIT\GIT_Install_Directory\cmd;E:\tools\development_tool\GIT\TortoiseGit_Install_Directory\bin;%JAVA_HOME%\bin;%JAVA_HOME%\jre\bin;%MAVEN_HOME%\bin;E:\tools\development_tool\SVN\Install_Directory\bin;%CMDER_HOME%;E:\tools\development_tool\nodejs\Install_Directory\node_global;;C:\Android;C:\Windows\System32;C:\Users\xuerming\AppData\Local\Microsoft\WindowsApps;C:\Users\xuerming\AppData\Local\Pandoc\;C:\Users\xuerming\AppData\Roaming\npm;C:\Program Files\Bandizip\;;.]
2020-01-09 15:23:32.988|INFO|main|org.apache.juli.logging.DirectJDKLog.log(DirectJDKLog.java:173)|: Initializing Spring embedded WebApplicationContext
2020-01-09 15:23:32.988|INFO|main|org.springframework.boot.web.servlet.context.ServletWebServerApplicationContext.prepareWebApplicationContext(ServletWebServerApplicationContext.java:296)|: Root WebApplicationContext: initialization completed in 672 ms
2020-01-09 15:23:33.097|INFO|main|org.springframework.scheduling.concurrent.ExecutorConfigurationSupport.initialize(ExecutorConfigurationSupport.java:171)|: Initializing ExecutorService 'applicationTaskExecutor'
2020-01-09 15:23:33.175|INFO|main|org.apache.juli.logging.DirectJDKLog.log(DirectJDKLog.java:173)|: Starting ProtocolHandler ["http-nio-8000"]
2020-01-09 15:23:33.191|INFO|main|org.apache.juli.logging.DirectJDKLog.log(DirectJDKLog.java:173)|: Using a shared selector for servlet write/read
2020-01-09 15:23:33.191|INFO|main|org.springframework.boot.web.embedded.tomcat.TomcatWebServer.start(TomcatWebServer.java:204)|: Tomcat started on port(s): 8000 (http) with context path ''
2020-01-09 15:23:33.191|INFO|main|org.springframework.boot.StartupInfoLogger.logStarted(StartupInfoLogger.java:59)|: Started SpringCommonApplication in 1.234 seconds (JVM running for 2.415)
2020-01-09 15:27:11.387|INFO|main|org.springframework.boot.StartupInfoLogger.logStarting(StartupInfoLogger.java:50)|: Starting AopApplication on xuerming with PID 12664 (D:\daily\project\spring-study\spring-aop-8003\target\classes started by xuerming in D:\daily\project\spring-study)
2020-01-09 15:27:11.418|INFO|main|org.springframework.boot.SpringApplication.logStartupProfileInfo(SpringApplication.java:675)|: No active profile set, falling back to default profiles: default
2020-01-09 15:27:12.262|INFO|main|org.springframework.boot.web.embedded.tomcat.TomcatWebServer.initialize(TomcatWebServer.java:90)|: Tomcat initialized with port(s): 8003 (http)
2020-01-09 15:27:12.277|INFO|main|org.apache.juli.logging.DirectJDKLog.log(DirectJDKLog.java:173)|: Initializing ProtocolHandler ["http-nio-8003"]
2020-01-09 15:27:12.308|INFO|main|org.apache.juli.logging.DirectJDKLog.log(DirectJDKLog.java:173)|: Starting service [Tomcat]
2020-01-09 15:27:12.308|INFO|main|org.apache.juli.logging.DirectJDKLog.log(DirectJDKLog.java:173)|: Starting Servlet Engine: Apache Tomcat/9.0.13
2020-01-09 15:27:12.324|INFO|main|org.apache.juli.logging.DirectJDKLog.log(DirectJDKLog.java:173)|: The APR based Apache Tomcat Native library which allows optimal performance in production environments was not found on the java.library.path: [E:\tools\development_tool\JDK\JDK85_Install_Directory\bin;C:\WINDOWS\Sun\Java\bin;C:\WINDOWS\system32;C:\WINDOWS;C:\Program Files (x86)\Common Files\NetSarang;E:\tools\development_tool\nodejs\Install_Directory\;C:\ProgramData\Oracle\Java\javapath;C:\windows\system32;C:\windows;C:\windows\System32\Wbem;C:\windows\System32\WindowsPowerShell\v1.0\;C:\windows\System32\OpenSSH\;C:\Program Files (x86)\NVIDIA Corporation\PhysX\Common;C:\Program Files (x86)\Intel\Intel(R) Management Engine Components\DAL;C:\Program Files\Intel\Intel(R) Management Engine Components\DAL;%SystemRoot%\system32;%SystemRoot%;%SystemRoot%\System32\Wbem;%SYSTEMROOT%\System32\WindowsPowerShell\v1.0\;%SYSTEMROOT%\System32\OpenSSH\;E:\tools\development_tool\GIT\GIT_Install_Directory\cmd;E:\tools\development_tool\GIT\TortoiseGit_Install_Directory\bin;%JAVA_HOME%\bin;%JAVA_HOME%\jre\bin;%MAVEN_HOME%\bin;E:\tools\development_tool\SVN\Install_Directory\bin;%CMDER_HOME%;E:\tools\development_tool\nodejs\Install_Directory\node_global;;C:\Android;C:\Windows\System32;C:\Users\xuerming\AppData\Local\Microsoft\WindowsApps;C:\Users\xuerming\AppData\Local\Pandoc\;C:\Users\xuerming\AppData\Roaming\npm;C:\Program Files\Bandizip\;;.]
2020-01-09 15:27:12.418|INFO|main|org.apache.juli.logging.DirectJDKLog.log(DirectJDKLog.java:173)|: Initializing Spring embedded WebApplicationContext
2020-01-09 15:27:12.418|INFO|main|org.springframework.boot.web.servlet.context.ServletWebServerApplicationContext.prepareWebApplicationContext(ServletWebServerApplicationContext.java:296)|: Root WebApplicationContext: initialization completed in 969 ms
2020-01-09 15:27:12.746|INFO|main|org.springframework.scheduling.concurrent.ExecutorConfigurationSupport.initialize(ExecutorConfigurationSupport.java:171)|: Initializing ExecutorService 'applicationTaskExecutor'
2020-01-09 15:27:12.902|INFO|main|org.apache.juli.logging.DirectJDKLog.log(DirectJDKLog.java:173)|: Starting ProtocolHandler ["http-nio-8003"]
2020-01-09 15:27:12.918|INFO|main|org.apache.juli.logging.DirectJDKLog.log(DirectJDKLog.java:173)|: Using a shared selector for servlet write/read
2020-01-09 15:27:12.918|INFO|main|org.springframework.boot.web.embedded.tomcat.TomcatWebServer.start(TomcatWebServer.java:204)|: Tomcat started on port(s): 8003 (http) with context path ''
2020-01-09 15:27:12.918|INFO|main|org.springframework.boot.StartupInfoLogger.logStarted(StartupInfoLogger.java:59)|: Started AopApplication in 1.781 seconds (JVM running for 3.119)
2020-01-09 15:27:24.414|INFO|http-nio-8003-exec-1|org.apache.juli.logging.DirectJDKLog.log(DirectJDKLog.java:173)|: Initializing Spring DispatcherServlet 'dispatcherServlet'
2020-01-09 15:27:24.414|INFO|http-nio-8003-exec-1|org.springframework.web.servlet.FrameworkServlet.initServletBean(FrameworkServlet.java:524)|: Initializing Servlet 'dispatcherServlet'
2020-01-09 15:27:24.423|INFO|http-nio-8003-exec-1|org.springframework.web.servlet.FrameworkServlet.initServletBean(FrameworkServlet.java:546)|: Completed initialization in 9 ms
2020-01-09 15:27:35.845|INFO|Thread-8|org.springframework.scheduling.concurrent.ExecutorConfigurationSupport.shutdown(ExecutorConfigurationSupport.java:208)|: Shutting down ExecutorService 'applicationTaskExecutor'
