2020-01-14 14:27:47.739|DEBUG|http-nio-9090-exec-1|com.ahdy.xem.transaction.aspect.PrintLogAspect.round(PrintLogAspect.java:36)|: 调用方法 : queryAllPerson
2020-01-14 14:27:47.861|DEBUG|http-nio-9090-exec-1|com.ahdy.xem.transaction.aspect.PrintLogAspect.round(PrintLogAspect.java:40)|: 方法总共执行时长115 毫秒，返回 [Person(id=123, name=xem, age=22, address=null, phone=null, email=null, sex=null)]
2020-01-14 14:28:12.672|DEBUG|http-nio-9090-exec-2|com.ahdy.xem.transaction.aspect.PrintLogAspect.round(PrintLogAspect.java:36)|: 调用方法 : queryAllPerson
2020-01-14 14:28:12.674|DEBUG|http-nio-9090-exec-2|com.ahdy.xem.transaction.aspect.PrintLogAspect.round(PrintLogAspect.java:40)|: 方法总共执行时长2 毫秒，返回 [Person(id=123, name=xem, age=22, address=null, phone=null, email=null, sex=null)]
2020-01-14 14:29:12.240|DEBUG|http-nio-9090-exec-1|com.ahdy.xem.transaction.aspect.PrintLogAspect.round(PrintLogAspect.java:36)|: 调用方法 : queryAllPerson
2020-01-14 14:29:12.352|DEBUG|http-nio-9090-exec-1|com.ahdy.xem.transaction.aspect.PrintLogAspect.round(PrintLogAspect.java:40)|: 方法总共执行时长111 毫秒，返回 [Person(id=123, name=xem, age=22, address=null, phone=null, email=null, sex=null)]
2020-01-14 14:29:56.106|DEBUG|http-nio-9090-exec-2|com.ahdy.xem.transaction.aspect.PrintLogAspect.round(PrintLogAspect.java:36)|: 调用方法 : queryAllPerson
2020-01-14 14:29:56.111|DEBUG|http-nio-9090-exec-2|com.ahdy.xem.transaction.aspect.PrintLogAspect.round(PrintLogAspect.java:40)|: 方法总共执行时长4 毫秒，返回 [Person(id=123, name=xem, age=22, address=null, phone=null, email=null, sex=null)]
2020-01-14 14:31:27.291|DEBUG|http-nio-9090-exec-1|com.ahdy.xem.transaction.aspect.PrintLogAspect.round(PrintLogAspect.java:36)|: 调用方法 : queryAllPerson
2020-01-14 14:31:27.406|DEBUG|http-nio-9090-exec-1|com.ahdy.xem.transaction.aspect.PrintLogAspect.round(PrintLogAspect.java:40)|: 方法总共执行时长114 毫秒，返回 [Person(id=123, name=xem, age=22, address=null, phone=null, email=null, sex=null)]
2020-01-14 14:32:51.038|DEBUG|http-nio-9090-exec-1|com.ahdy.xem.transaction.aspect.PrintLogAspect.round(PrintLogAspect.java:36)|: 调用方法 : queryAllPerson
2020-01-14 14:32:51.148|DEBUG|http-nio-9090-exec-1|com.ahdy.xem.transaction.aspect.PrintLogAspect.round(PrintLogAspect.java:40)|: 方法总共执行时长110 毫秒，返回 [Person(id=123, name=xem, age=22, address=null, phone=null, email=null, sex=null)]
2020-01-14 14:34:03.247|DEBUG|http-nio-9090-exec-1|com.ahdy.xem.transaction.aspect.PrintLogAspect.round(PrintLogAspect.java:36)|: 调用方法 : queryAllPerson
2020-01-14 14:34:03.360|DEBUG|http-nio-9090-exec-1|com.ahdy.xem.transaction.aspect.PrintLogAspect.round(PrintLogAspect.java:40)|: 方法总共执行时长112 毫秒，返回 [Person(id=123, name=xem, age=22, address=null, phone=null, email=null, sex=null)]
2020-01-14 14:37:52.215|DEBUG|http-nio-9090-exec-1|com.ahdy.xem.transaction.aspect.PrintLogAspect.round(PrintLogAspect.java:36)|: 调用方法 : queryAllPerson
2020-01-14 14:37:52.325|DEBUG|http-nio-9090-exec-1|com.ahdy.xem.transaction.aspect.PrintLogAspect.round(PrintLogAspect.java:40)|: 方法总共执行时长108 毫秒，返回 [Person(id=123, name=xem, age=22, address=null, phone=null, email=null, sex=null)]
2020-01-14 14:37:54.133|DEBUG|http-nio-9090-exec-3|com.ahdy.xem.transaction.aspect.PrintLogAspect.round(PrintLogAspect.java:36)|: 调用方法 : queryAllPerson
2020-01-14 14:37:54.136|DEBUG|http-nio-9090-exec-3|com.ahdy.xem.transaction.aspect.PrintLogAspect.round(PrintLogAspect.java:40)|: 方法总共执行时长3 毫秒，返回 [Person(id=123, name=xem, age=22, address=null, phone=null, email=null, sex=null)]
2020-01-14 14:37:56.383|DEBUG|http-nio-9090-exec-4|com.ahdy.xem.transaction.aspect.PrintLogAspect.round(PrintLogAspect.java:36)|: 调用方法 : queryAllPerson
2020-01-14 14:37:56.385|DEBUG|http-nio-9090-exec-4|com.ahdy.xem.transaction.aspect.PrintLogAspect.round(PrintLogAspect.java:40)|: 方法总共执行时长1 毫秒，返回 [Person(id=123, name=xem, age=22, address=null, phone=null, email=null, sex=null)]
2020-01-14 14:40:23.251|DEBUG|http-nio-9090-exec-1|com.ahdy.xem.transaction.aspect.PrintLogAspect.round(PrintLogAspect.java:36)|: 调用方法 : queryAllPerson
2020-01-14 14:40:23.362|DEBUG|http-nio-9090-exec-1|com.ahdy.xem.transaction.aspect.PrintLogAspect.round(PrintLogAspect.java:40)|: 方法总共执行时长111 毫秒，返回 [Person(id=123, name=xem, age=22, address=null, phone=null, email=null, sex=null)]
2020-01-14 14:42:40.954|DEBUG|http-nio-9090-exec-1|com.ahdy.xem.transaction.aspect.PrintLogAspect.round(PrintLogAspect.java:36)|: 调用方法 : queryAllPerson
2020-01-14 14:42:41.067|DEBUG|http-nio-9090-exec-1|com.ahdy.xem.transaction.aspect.PrintLogAspect.round(PrintLogAspect.java:40)|: 方法总共执行时长113 毫秒，返回 [Person(id=123, name=xem, age=22, address=null, phone=null, email=null, sex=null)]
2020-01-14 14:43:12.153|DEBUG|http-nio-9090-exec-1|com.ahdy.xem.transaction.aspect.PrintLogAspect.round(PrintLogAspect.java:36)|: 调用方法 : queryAllPerson
2020-01-14 14:43:12.274|DEBUG|http-nio-9090-exec-1|com.ahdy.xem.transaction.aspect.PrintLogAspect.round(PrintLogAspect.java:40)|: 方法总共执行时长120 毫秒，返回 [Person(id=123, name=xem, age=22, address=null, phone=null, email=null, sex=null)]
2020-01-14 14:45:41.963|DEBUG|http-nio-9090-exec-1|com.ahdy.xem.transaction.aspect.PrintLogAspect.round(PrintLogAspect.java:36)|: 调用方法 : queryById
2020-01-14 14:45:42.074|DEBUG|http-nio-9090-exec-1|com.ahdy.xem.transaction.aspect.PrintLogAspect.round(PrintLogAspect.java:40)|: 方法总共执行时长111 毫秒，返回 null
2020-01-14 14:46:07.495|DEBUG|http-nio-9090-exec-5|com.ahdy.xem.transaction.aspect.PrintLogAspect.round(PrintLogAspect.java:36)|: 调用方法 : queryAllPerson
2020-01-14 14:46:07.500|DEBUG|http-nio-9090-exec-5|com.ahdy.xem.transaction.aspect.PrintLogAspect.round(PrintLogAspect.java:40)|: 方法总共执行时长4 毫秒，返回 [Person(id=123, name=xem, age=22, address=null, phone=null, email=null, sex=null)]
2020-01-14 14:46:16.143|DEBUG|http-nio-9090-exec-8|com.ahdy.xem.transaction.aspect.PrintLogAspect.round(PrintLogAspect.java:36)|: 调用方法 : queryById
2020-01-14 14:46:16.145|DEBUG|http-nio-9090-exec-8|com.ahdy.xem.transaction.aspect.PrintLogAspect.round(PrintLogAspect.java:40)|: 方法总共执行时长1 毫秒，返回 null
2020-01-14 14:46:18.771|DEBUG|http-nio-9090-exec-3|com.ahdy.xem.transaction.aspect.PrintLogAspect.round(PrintLogAspect.java:36)|: 调用方法 : queryById
2020-01-14 14:46:18.773|DEBUG|http-nio-9090-exec-3|com.ahdy.xem.transaction.aspect.PrintLogAspect.round(PrintLogAspect.java:40)|: 方法总共执行时长1 毫秒，返回 Person(id=123, name=xem, age=22, address=null, phone=null, email=null, sex=null)
2020-01-14 14:59:47.448|DEBUG|http-nio-9090-exec-1|com.ahdy.xem.transaction.aspect.PrintLogAspect.round(PrintLogAspect.java:36)|: 调用方法 : update
2020-01-14 14:59:47.557|DEBUG|http-nio-9090-exec-1|com.ahdy.xem.transaction.aspect.PrintLogAspect.round(PrintLogAspect.java:40)|: 方法总共执行时长108 毫秒，返回 1
2020-01-14 14:59:58.741|DEBUG|http-nio-9090-exec-2|com.ahdy.xem.transaction.aspect.PrintLogAspect.round(PrintLogAspect.java:36)|: 调用方法 : queryAllPerson
2020-01-14 14:59:58.757|DEBUG|http-nio-9090-exec-2|com.ahdy.xem.transaction.aspect.PrintLogAspect.round(PrintLogAspect.java:40)|: 方法总共执行时长15 毫秒，返回 [Person(id=123, name=123456789, age=22, address=null, phone=null, email=null, sex=null)]
2020-01-14 15:01:43.172|DEBUG|http-nio-9090-exec-1|com.ahdy.xem.transaction.aspect.PrintLogAspect.round(PrintLogAspect.java:36)|: 调用方法 : queryAllPerson
2020-01-14 15:01:43.293|DEBUG|http-nio-9090-exec-1|com.ahdy.xem.transaction.aspect.PrintLogAspect.round(PrintLogAspect.java:40)|: 方法总共执行时长121 毫秒，返回 [Person(id=123, name=123456789, age=22, address=null, phone=null, email=null, sex=null)]
2020-01-14 15:01:51.953|DEBUG|http-nio-9090-exec-4|com.ahdy.xem.transaction.aspect.PrintLogAspect.round(PrintLogAspect.java:36)|: 调用方法 : update
2020-01-14 15:01:51.969|DEBUG|http-nio-9090-exec-4|com.ahdy.xem.transaction.aspect.PrintLogAspect.round(PrintLogAspect.java:40)|: 方法总共执行时长16 毫秒，返回 1
2020-01-14 15:01:59.085|DEBUG|http-nio-9090-exec-5|com.ahdy.xem.transaction.aspect.PrintLogAspect.round(PrintLogAspect.java:36)|: 调用方法 : queryAllPerson
2020-01-14 15:01:59.087|DEBUG|http-nio-9090-exec-5|com.ahdy.xem.transaction.aspect.PrintLogAspect.round(PrintLogAspect.java:40)|: 方法总共执行时长2 毫秒，返回 [Person(id=123, name=xem, age=22, address=null, phone=null, email=null, sex=null)]
2020-01-14 15:02:02.888|DEBUG|http-nio-9090-exec-6|com.ahdy.xem.transaction.aspect.PrintLogAspect.round(PrintLogAspect.java:36)|: 调用方法 : queryAllPerson
2020-01-14 15:02:02.890|DEBUG|http-nio-9090-exec-6|com.ahdy.xem.transaction.aspect.PrintLogAspect.round(PrintLogAspect.java:40)|: 方法总共执行时长2 毫秒，返回 [Person(id=123, name=xem, age=22, address=null, phone=null, email=null, sex=null)]
2020-01-14 15:03:46.127|DEBUG|http-nio-9090-exec-1|com.ahdy.xem.transaction.aspect.PrintLogAspect.round(PrintLogAspect.java:36)|: 调用方法 : queryAllPerson
2020-01-14 15:03:46.257|DEBUG|http-nio-9090-exec-1|com.ahdy.xem.transaction.aspect.PrintLogAspect.round(PrintLogAspect.java:40)|: 方法总共执行时长130 毫秒，返回 [Person(id=123, name=xem, age=22, address=nanjing, phone=123456789, email=ad@163.com, sex=n)]
2020-01-14 15:20:13.515|DEBUG|http-nio-9090-exec-1|com.ahdy.xem.transaction.aspect.PrintLogAspect.round(PrintLogAspect.java:36)|: 调用方法 : queryAllPerson
2020-01-14 15:20:13.624|DEBUG|http-nio-9090-exec-1|com.ahdy.xem.transaction.aspect.PrintLogAspect.round(PrintLogAspect.java:40)|: 方法总共执行时长109 毫秒，返回 R(code=200, success=true, data=[Person(id=123, name=xem, age=22, address=nanjing, phone=123456789, email=ad@163.com, sex=n)], msg=操作成功)
2020-01-14 15:20:23.575|DEBUG|http-nio-9090-exec-3|com.ahdy.xem.transaction.aspect.PrintLogAspect.round(PrintLogAspect.java:36)|: 调用方法 : update
2020-01-14 15:20:23.591|DEBUG|http-nio-9090-exec-3|com.ahdy.xem.transaction.aspect.PrintLogAspect.round(PrintLogAspect.java:40)|: 方法总共执行时长16 毫秒，返回 R(code=200, success=true, data=null, msg=操作成功)
2020-01-14 15:20:36.522|DEBUG|http-nio-9090-exec-2|com.ahdy.xem.transaction.aspect.PrintLogAspect.round(PrintLogAspect.java:36)|: 调用方法 : queryById
2020-01-14 15:20:36.524|DEBUG|http-nio-9090-exec-2|com.ahdy.xem.transaction.aspect.PrintLogAspect.round(PrintLogAspect.java:40)|: 方法总共执行时长2 毫秒，返回 R(code=200, success=true, data=Person(id=123, name=xem, age=22, address=nanjing, phone=123456789, email=ad@163.com, sex=n), msg=操作成功)
2020-01-14 16:42:45.103|DEBUG|http-nio-9090-exec-1|com.ahdy.xem.transaction.aspect.PrintLogAspect.round(PrintLogAspect.java:36)|: 调用方法 : 
2020-01-14 16:42:45.200|DEBUG|http-nio-9090-exec-1|com.ahdy.xem.transaction.aspect.PrintLogAspect.round(PrintLogAspect.java:40)|: 方法总共执行时长97 毫秒，返回 R(code=200, success=true, data=ok, msg=操作成功)
2020-01-14 16:43:49.226|DEBUG|http-nio-9090-exec-1|com.ahdy.xem.transaction.aspect.PrintLogAspect.round(PrintLogAspect.java:36)|: 调用方法 : 
2020-01-14 16:43:49.324|DEBUG|http-nio-9090-exec-1|com.ahdy.xem.transaction.aspect.PrintLogAspect.round(PrintLogAspect.java:40)|: 方法总共执行时长98 毫秒，返回 R(code=200, success=true, data=ok, msg=操作成功)
2020-01-14 16:45:24.109|DEBUG|http-nio-9090-exec-4|com.ahdy.xem.transaction.aspect.PrintLogAspect.round(PrintLogAspect.java:36)|: 调用方法 : 
2020-01-14 16:45:24.113|DEBUG|http-nio-9090-exec-4|com.ahdy.xem.transaction.aspect.PrintLogAspect.round(PrintLogAspect.java:40)|: 方法总共执行时长3 毫秒，返回 R(code=200, success=true, data=ok, msg=操作成功)
2020-01-14 16:46:22.463|DEBUG|http-nio-9090-exec-1|com.ahdy.xem.transaction.aspect.PrintLogAspect.round(PrintLogAspect.java:36)|: 调用方法 : 
2020-01-14 16:46:22.579|DEBUG|http-nio-9090-exec-1|com.ahdy.xem.transaction.aspect.PrintLogAspect.round(PrintLogAspect.java:40)|: 方法总共执行时长115 毫秒，返回 R(code=200, success=true, data=ok, msg=操作成功)
2020-01-14 16:50:12.002|DEBUG|http-nio-9090-exec-1|com.ahdy.xem.transaction.aspect.PrintLogAspect.round(PrintLogAspect.java:36)|: 调用方法 : 
2020-01-14 16:50:48.356|DEBUG|http-nio-9090-exec-1|com.ahdy.xem.transaction.aspect.PrintLogAspect.round(PrintLogAspect.java:36)|: 调用方法 : 
2020-01-14 19:22:55.632|DEBUG|http-nio-9090-exec-1|com.ahdy.xem.transaction.aspect.PrintLogAspect.round(PrintLogAspect.java:37)|: 调用方法 : 
2020-01-14 19:22:55.745|ERROR|http-nio-9090-exec-1|com.ahdy.xem.transaction.aspect.PrintLogAspect.afterThrowing(PrintLogAspect.java:53)|: method R com.ahdy.xem.transaction.controller.OrderController.trans() Stack error : 
java.lang.ArithmeticException: / by zero
	at com.ahdy.xem.transaction.service.impl.OrdersServiceImpl.accountMoney(OrdersServiceImpl.java:30) ~[classes/:?]
	at com.ahdy.xem.transaction.service.impl.OrdersServiceImpl$$FastClassBySpringCGLIB$$d2d0df1e.invoke(<generated>) ~[classes/:?]
	at org.springframework.cglib.proxy.MethodProxy.invoke(MethodProxy.java:218) ~[spring-core-5.1.3.RELEASE.jar:5.1.3.RELEASE]
	at org.springframework.aop.framework.CglibAopProxy$CglibMethodInvocation.invokeJoinpoint(CglibAopProxy.java:749) ~[spring-aop-5.1.3.RELEASE.jar:5.1.3.RELEASE]
	at org.springframework.aop.framework.ReflectiveMethodInvocation.proceed(ReflectiveMethodInvocation.java:163) ~[spring-aop-5.1.3.RELEASE.jar:5.1.3.RELEASE]
	at org.springframework.transaction.interceptor.TransactionInterceptor$$Lambda$447/1291734790.proceedWithInvocation(Unknown Source) ~[?:?]
	at org.springframework.transaction.interceptor.TransactionAspectSupport.invokeWithinTransaction(TransactionAspectSupport.java:294) ~[spring-tx-5.1.3.RELEASE.jar:5.1.3.RELEASE]
	at org.springframework.transaction.interceptor.TransactionInterceptor.invoke(TransactionInterceptor.java:98) ~[spring-tx-5.1.3.RELEASE.jar:5.1.3.RELEASE]
	at org.springframework.aop.framework.ReflectiveMethodInvocation.proceed(ReflectiveMethodInvocation.java:186) ~[spring-aop-5.1.3.RELEASE.jar:5.1.3.RELEASE]
	at org.springframework.aop.framework.CglibAopProxy$DynamicAdvisedInterceptor.intercept(CglibAopProxy.java:688) ~[spring-aop-5.1.3.RELEASE.jar:5.1.3.RELEASE]
	at com.ahdy.xem.transaction.service.impl.OrdersServiceImpl$$EnhancerBySpringCGLIB$$c3c801b3.accountMoney(<generated>) ~[classes/:?]
	at com.ahdy.xem.transaction.controller.OrderController.trans(OrderController.java:23) ~[classes/:?]
	at com.ahdy.xem.transaction.controller.OrderController$$FastClassBySpringCGLIB$$6547d67b.invoke(<generated>) ~[classes/:?]
	at org.springframework.cglib.proxy.MethodProxy.invoke(MethodProxy.java:218) ~[spring-core-5.1.3.RELEASE.jar:5.1.3.RELEASE]
	at org.springframework.aop.framework.CglibAopProxy$CglibMethodInvocation.invokeJoinpoint(CglibAopProxy.java:749) ~[spring-aop-5.1.3.RELEASE.jar:5.1.3.RELEASE]
	at org.springframework.aop.framework.ReflectiveMethodInvocation.proceed(ReflectiveMethodInvocation.java:163) ~[spring-aop-5.1.3.RELEASE.jar:5.1.3.RELEASE]
	at org.springframework.aop.aspectj.MethodInvocationProceedingJoinPoint.proceed(MethodInvocationProceedingJoinPoint.java:88) ~[spring-aop-5.1.3.RELEASE.jar:5.1.3.RELEASE]
	at com.ahdy.xem.transaction.aspect.PrintLogAspect.round(PrintLogAspect.java:39) [classes/:?]
	at sun.reflect.NativeMethodAccessorImpl.invoke0(Native Method) ~[?:1.8.0_45]
	at sun.reflect.NativeMethodAccessorImpl.invoke(Unknown Source) ~[?:1.8.0_45]
	at sun.reflect.DelegatingMethodAccessorImpl.invoke(Unknown Source) ~[?:1.8.0_45]
	at java.lang.reflect.Method.invoke(Unknown Source) ~[?:1.8.0_45]
	at org.springframework.aop.aspectj.AbstractAspectJAdvice.invokeAdviceMethodWithGivenArgs(AbstractAspectJAdvice.java:644) [spring-aop-5.1.3.RELEASE.jar:5.1.3.RELEASE]
	at org.springframework.aop.aspectj.AbstractAspectJAdvice.invokeAdviceMethod(AbstractAspectJAdvice.java:633) [spring-aop-5.1.3.RELEASE.jar:5.1.3.RELEASE]
	at org.springframework.aop.aspectj.AspectJAroundAdvice.invoke(AspectJAroundAdvice.java:70) ~[spring-aop-5.1.3.RELEASE.jar:5.1.3.RELEASE]
	at org.springframework.aop.framework.ReflectiveMethodInvocation.proceed(ReflectiveMethodInvocation.java:175) ~[spring-aop-5.1.3.RELEASE.jar:5.1.3.RELEASE]
	at org.springframework.aop.aspectj.AspectJAfterThrowingAdvice.invoke(AspectJAfterThrowingAdvice.java:62) [spring-aop-5.1.3.RELEASE.jar:5.1.3.RELEASE]
	at org.springframework.aop.framework.ReflectiveMethodInvocation.proceed(ReflectiveMethodInvocation.java:175) [spring-aop-5.1.3.RELEASE.jar:5.1.3.RELEASE]
	at org.springframework.aop.interceptor.ExposeInvocationInterceptor.invoke(ExposeInvocationInterceptor.java:93) [spring-aop-5.1.3.RELEASE.jar:5.1.3.RELEASE]
	at org.springframework.aop.framework.ReflectiveMethodInvocation.proceed(ReflectiveMethodInvocation.java:186) [spring-aop-5.1.3.RELEASE.jar:5.1.3.RELEASE]
	at org.springframework.aop.framework.CglibAopProxy$DynamicAdvisedInterceptor.intercept(CglibAopProxy.java:688) [spring-aop-5.1.3.RELEASE.jar:5.1.3.RELEASE]
	at com.ahdy.xem.transaction.controller.OrderController$$EnhancerBySpringCGLIB$$b9acdf8c.trans(<generated>) [classes/:?]
	at sun.reflect.NativeMethodAccessorImpl.invoke0(Native Method) ~[?:1.8.0_45]
	at sun.reflect.NativeMethodAccessorImpl.invoke(Unknown Source) ~[?:1.8.0_45]
	at sun.reflect.DelegatingMethodAccessorImpl.invoke(Unknown Source) ~[?:1.8.0_45]
	at java.lang.reflect.Method.invoke(Unknown Source) ~[?:1.8.0_45]
	at org.springframework.web.method.support.InvocableHandlerMethod.doInvoke(InvocableHandlerMethod.java:189) [spring-web-5.1.3.RELEASE.jar:5.1.3.RELEASE]
	at org.springframework.web.method.support.InvocableHandlerMethod.invokeForRequest(InvocableHandlerMethod.java:138) [spring-web-5.1.3.RELEASE.jar:5.1.3.RELEASE]
	at org.springframework.web.servlet.mvc.method.annotation.ServletInvocableHandlerMethod.invokeAndHandle(ServletInvocableHandlerMethod.java:102) [spring-webmvc-5.1.3.RELEASE.jar:5.1.3.RELEASE]
	at org.springframework.web.servlet.mvc.method.annotation.RequestMappingHandlerAdapter.invokeHandlerMethod(RequestMappingHandlerAdapter.java:895) [spring-webmvc-5.1.3.RELEASE.jar:5.1.3.RELEASE]
	at org.springframework.web.servlet.mvc.method.annotation.RequestMappingHandlerAdapter.handleInternal(RequestMappingHandlerAdapter.java:800) [spring-webmvc-5.1.3.RELEASE.jar:5.1.3.RELEASE]
	at org.springframework.web.servlet.mvc.method.AbstractHandlerMethodAdapter.handle(AbstractHandlerMethodAdapter.java:87) [spring-webmvc-5.1.3.RELEASE.jar:5.1.3.RELEASE]
	at org.springframework.web.servlet.DispatcherServlet.doDispatch(DispatcherServlet.java:1038) [spring-webmvc-5.1.3.RELEASE.jar:5.1.3.RELEASE]
	at org.springframework.web.servlet.DispatcherServlet.doService(DispatcherServlet.java:942) [spring-webmvc-5.1.3.RELEASE.jar:5.1.3.RELEASE]
	at org.springframework.web.servlet.FrameworkServlet.processRequest(FrameworkServlet.java:1005) [spring-webmvc-5.1.3.RELEASE.jar:5.1.3.RELEASE]
	at org.springframework.web.servlet.FrameworkServlet.doGet(FrameworkServlet.java:897) [spring-webmvc-5.1.3.RELEASE.jar:5.1.3.RELEASE]
	at javax.servlet.http.HttpServlet.service(HttpServlet.java:634) [tomcat-embed-core-9.0.13.jar:9.0.13]
	at org.springframework.web.servlet.FrameworkServlet.service(FrameworkServlet.java:882) [spring-webmvc-5.1.3.RELEASE.jar:5.1.3.RELEASE]
	at javax.servlet.http.HttpServlet.service(HttpServlet.java:741) [tomcat-embed-core-9.0.13.jar:9.0.13]
	at org.apache.catalina.core.ApplicationFilterChain.internalDoFilter(ApplicationFilterChain.java:231) [tomcat-embed-core-9.0.13.jar:9.0.13]
	at org.apache.catalina.core.ApplicationFilterChain.doFilter(ApplicationFilterChain.java:166) [tomcat-embed-core-9.0.13.jar:9.0.13]
	at org.apache.tomcat.websocket.server.WsFilter.doFilter(WsFilter.java:53) [tomcat-embed-websocket-9.0.13.jar:9.0.13]
	at org.apache.catalina.core.ApplicationFilterChain.internalDoFilter(ApplicationFilterChain.java:193) [tomcat-embed-core-9.0.13.jar:9.0.13]
	at org.apache.catalina.core.ApplicationFilterChain.doFilter(ApplicationFilterChain.java:166) [tomcat-embed-core-9.0.13.jar:9.0.13]
	at org.springframework.web.filter.RequestContextFilter.doFilterInternal(RequestContextFilter.java:99) [spring-web-5.1.3.RELEASE.jar:5.1.3.RELEASE]
	at org.springframework.web.filter.OncePerRequestFilter.doFilter(OncePerRequestFilter.java:107) [spring-web-5.1.3.RELEASE.jar:5.1.3.RELEASE]
	at org.apache.catalina.core.ApplicationFilterChain.internalDoFilter(ApplicationFilterChain.java:193) [tomcat-embed-core-9.0.13.jar:9.0.13]
	at org.apache.catalina.core.ApplicationFilterChain.doFilter(ApplicationFilterChain.java:166) [tomcat-embed-core-9.0.13.jar:9.0.13]
	at org.springframework.web.filter.FormContentFilter.doFilterInternal(FormContentFilter.java:92) [spring-web-5.1.3.RELEASE.jar:5.1.3.RELEASE]
	at org.springframework.web.filter.OncePerRequestFilter.doFilter(OncePerRequestFilter.java:107) [spring-web-5.1.3.RELEASE.jar:5.1.3.RELEASE]
	at org.apache.catalina.core.ApplicationFilterChain.internalDoFilter(ApplicationFilterChain.java:193) [tomcat-embed-core-9.0.13.jar:9.0.13]
	at org.apache.catalina.core.ApplicationFilterChain.doFilter(ApplicationFilterChain.java:166) [tomcat-embed-core-9.0.13.jar:9.0.13]
	at org.springframework.web.filter.HiddenHttpMethodFilter.doFilterInternal(HiddenHttpMethodFilter.java:93) [spring-web-5.1.3.RELEASE.jar:5.1.3.RELEASE]
	at org.springframework.web.filter.OncePerRequestFilter.doFilter(OncePerRequestFilter.java:107) [spring-web-5.1.3.RELEASE.jar:5.1.3.RELEASE]
	at org.apache.catalina.core.ApplicationFilterChain.internalDoFilter(ApplicationFilterChain.java:193) [tomcat-embed-core-9.0.13.jar:9.0.13]
	at org.apache.catalina.core.ApplicationFilterChain.doFilter(ApplicationFilterChain.java:166) [tomcat-embed-core-9.0.13.jar:9.0.13]
	at org.springframework.web.filter.CharacterEncodingFilter.doFilterInternal(CharacterEncodingFilter.java:200) [spring-web-5.1.3.RELEASE.jar:5.1.3.RELEASE]
	at org.springframework.web.filter.OncePerRequestFilter.doFilter(OncePerRequestFilter.java:107) [spring-web-5.1.3.RELEASE.jar:5.1.3.RELEASE]
	at org.apache.catalina.core.ApplicationFilterChain.internalDoFilter(ApplicationFilterChain.java:193) [tomcat-embed-core-9.0.13.jar:9.0.13]
	at org.apache.catalina.core.ApplicationFilterChain.doFilter(ApplicationFilterChain.java:166) [tomcat-embed-core-9.0.13.jar:9.0.13]
	at org.apache.catalina.core.StandardWrapperValve.invoke(StandardWrapperValve.java:199) [tomcat-embed-core-9.0.13.jar:9.0.13]
	at org.apache.catalina.core.StandardContextValve.invoke(StandardContextValve.java:96) [tomcat-embed-core-9.0.13.jar:9.0.13]
	at org.apache.catalina.authenticator.AuthenticatorBase.invoke(AuthenticatorBase.java:490) [tomcat-embed-core-9.0.13.jar:9.0.13]
	at org.apache.catalina.core.StandardHostValve.invoke(StandardHostValve.java:139) [tomcat-embed-core-9.0.13.jar:9.0.13]
	at org.apache.catalina.valves.ErrorReportValve.invoke(ErrorReportValve.java:92) [tomcat-embed-core-9.0.13.jar:9.0.13]
	at org.apache.catalina.core.StandardEngineValve.invoke(StandardEngineValve.java:74) [tomcat-embed-core-9.0.13.jar:9.0.13]
	at org.apache.catalina.connector.CoyoteAdapter.service(CoyoteAdapter.java:343) [tomcat-embed-core-9.0.13.jar:9.0.13]
	at org.apache.coyote.http11.Http11Processor.service(Http11Processor.java:408) [tomcat-embed-core-9.0.13.jar:9.0.13]
	at org.apache.coyote.AbstractProcessorLight.process(AbstractProcessorLight.java:66) [tomcat-embed-core-9.0.13.jar:9.0.13]
	at org.apache.coyote.AbstractProtocol$ConnectionHandler.process(AbstractProtocol.java:791) [tomcat-embed-core-9.0.13.jar:9.0.13]
	at org.apache.tomcat.util.net.NioEndpoint$SocketProcessor.doRun(NioEndpoint.java:1417) [tomcat-embed-core-9.0.13.jar:9.0.13]
	at org.apache.tomcat.util.net.SocketProcessorBase.run(SocketProcessorBase.java:49) [tomcat-embed-core-9.0.13.jar:9.0.13]
	at java.util.concurrent.ThreadPoolExecutor.runWorker(Unknown Source) [?:1.8.0_45]
	at java.util.concurrent.ThreadPoolExecutor$Worker.run(Unknown Source) [?:1.8.0_45]
	at org.apache.tomcat.util.threads.TaskThread$WrappingRunnable.run(TaskThread.java:61) [tomcat-embed-core-9.0.13.jar:9.0.13]
	at java.lang.Thread.run(Unknown Source) [?:1.8.0_45]
2020-01-14 19:45:54.923|DEBUG|http-nio-9090-exec-1|com.ahdy.xem.transaction.aspect.PrintLogAspect.round(PrintLogAspect.java:37)|: 调用方法 : 
2020-01-14 19:45:55.035|ERROR|http-nio-9090-exec-1|com.ahdy.xem.transaction.aspect.PrintLogAspect.afterThrowing(PrintLogAspect.java:53)|: method R com.ahdy.xem.transaction.controller.OrderController.trans() exception : 
java.lang.ArithmeticException: / by zero
	at com.ahdy.xem.transaction.service.impl.OrdersServiceImpl.accountMoney(OrdersServiceImpl.java:30) ~[classes/:?]
	at com.ahdy.xem.transaction.service.impl.OrdersServiceImpl$$FastClassBySpringCGLIB$$d2d0df1e.invoke(<generated>) ~[classes/:?]
	at org.springframework.cglib.proxy.MethodProxy.invoke(MethodProxy.java:218) ~[spring-core-5.1.3.RELEASE.jar:5.1.3.RELEASE]
	at org.springframework.aop.framework.CglibAopProxy$CglibMethodInvocation.invokeJoinpoint(CglibAopProxy.java:749) ~[spring-aop-5.1.3.RELEASE.jar:5.1.3.RELEASE]
	at org.springframework.aop.framework.ReflectiveMethodInvocation.proceed(ReflectiveMethodInvocation.java:163) ~[spring-aop-5.1.3.RELEASE.jar:5.1.3.RELEASE]
	at org.springframework.transaction.interceptor.TransactionInterceptor$$Lambda$451/1001118478.proceedWithInvocation(Unknown Source) ~[?:?]
	at org.springframework.transaction.interceptor.TransactionAspectSupport.invokeWithinTransaction(TransactionAspectSupport.java:294) ~[spring-tx-5.1.3.RELEASE.jar:5.1.3.RELEASE]
	at org.springframework.transaction.interceptor.TransactionInterceptor.invoke(TransactionInterceptor.java:98) ~[spring-tx-5.1.3.RELEASE.jar:5.1.3.RELEASE]
	at org.springframework.aop.framework.ReflectiveMethodInvocation.proceed(ReflectiveMethodInvocation.java:186) ~[spring-aop-5.1.3.RELEASE.jar:5.1.3.RELEASE]
	at org.springframework.aop.framework.CglibAopProxy$DynamicAdvisedInterceptor.intercept(CglibAopProxy.java:688) ~[spring-aop-5.1.3.RELEASE.jar:5.1.3.RELEASE]
	at com.ahdy.xem.transaction.service.impl.OrdersServiceImpl$$EnhancerBySpringCGLIB$$ab884e3e.accountMoney(<generated>) ~[classes/:?]
	at com.ahdy.xem.transaction.controller.OrderController.trans(OrderController.java:23) ~[classes/:?]
	at com.ahdy.xem.transaction.controller.OrderController$$FastClassBySpringCGLIB$$6547d67b.invoke(<generated>) ~[classes/:?]
	at org.springframework.cglib.proxy.MethodProxy.invoke(MethodProxy.java:218) ~[spring-core-5.1.3.RELEASE.jar:5.1.3.RELEASE]
	at org.springframework.aop.framework.CglibAopProxy$CglibMethodInvocation.invokeJoinpoint(CglibAopProxy.java:749) ~[spring-aop-5.1.3.RELEASE.jar:5.1.3.RELEASE]
	at org.springframework.aop.framework.ReflectiveMethodInvocation.proceed(ReflectiveMethodInvocation.java:163) ~[spring-aop-5.1.3.RELEASE.jar:5.1.3.RELEASE]
	at org.springframework.aop.aspectj.MethodInvocationProceedingJoinPoint.proceed(MethodInvocationProceedingJoinPoint.java:88) ~[spring-aop-5.1.3.RELEASE.jar:5.1.3.RELEASE]
	at com.ahdy.xem.transaction.aspect.PrintLogAspect.round(PrintLogAspect.java:39) [classes/:?]
	at sun.reflect.NativeMethodAccessorImpl.invoke0(Native Method) ~[?:1.8.0_45]
	at sun.reflect.NativeMethodAccessorImpl.invoke(Unknown Source) ~[?:1.8.0_45]
	at sun.reflect.DelegatingMethodAccessorImpl.invoke(Unknown Source) ~[?:1.8.0_45]
	at java.lang.reflect.Method.invoke(Unknown Source) ~[?:1.8.0_45]
	at org.springframework.aop.aspectj.AbstractAspectJAdvice.invokeAdviceMethodWithGivenArgs(AbstractAspectJAdvice.java:644) [spring-aop-5.1.3.RELEASE.jar:5.1.3.RELEASE]
	at org.springframework.aop.aspectj.AbstractAspectJAdvice.invokeAdviceMethod(AbstractAspectJAdvice.java:633) [spring-aop-5.1.3.RELEASE.jar:5.1.3.RELEASE]
	at org.springframework.aop.aspectj.AspectJAroundAdvice.invoke(AspectJAroundAdvice.java:70) ~[spring-aop-5.1.3.RELEASE.jar:5.1.3.RELEASE]
	at org.springframework.aop.framework.ReflectiveMethodInvocation.proceed(ReflectiveMethodInvocation.java:175) ~[spring-aop-5.1.3.RELEASE.jar:5.1.3.RELEASE]
	at org.springframework.aop.aspectj.AspectJAfterThrowingAdvice.invoke(AspectJAfterThrowingAdvice.java:62) [spring-aop-5.1.3.RELEASE.jar:5.1.3.RELEASE]
	at org.springframework.aop.framework.ReflectiveMethodInvocation.proceed(ReflectiveMethodInvocation.java:175) [spring-aop-5.1.3.RELEASE.jar:5.1.3.RELEASE]
	at org.springframework.aop.interceptor.ExposeInvocationInterceptor.invoke(ExposeInvocationInterceptor.java:93) [spring-aop-5.1.3.RELEASE.jar:5.1.3.RELEASE]
	at org.springframework.aop.framework.ReflectiveMethodInvocation.proceed(ReflectiveMethodInvocation.java:186) [spring-aop-5.1.3.RELEASE.jar:5.1.3.RELEASE]
	at org.springframework.aop.framework.CglibAopProxy$DynamicAdvisedInterceptor.intercept(CglibAopProxy.java:688) [spring-aop-5.1.3.RELEASE.jar:5.1.3.RELEASE]
	at com.ahdy.xem.transaction.controller.OrderController$$EnhancerBySpringCGLIB$$d16d8344.trans(<generated>) [classes/:?]
	at sun.reflect.NativeMethodAccessorImpl.invoke0(Native Method) ~[?:1.8.0_45]
	at sun.reflect.NativeMethodAccessorImpl.invoke(Unknown Source) ~[?:1.8.0_45]
	at sun.reflect.DelegatingMethodAccessorImpl.invoke(Unknown Source) ~[?:1.8.0_45]
	at java.lang.reflect.Method.invoke(Unknown Source) ~[?:1.8.0_45]
	at org.springframework.web.method.support.InvocableHandlerMethod.doInvoke(InvocableHandlerMethod.java:189) [spring-web-5.1.3.RELEASE.jar:5.1.3.RELEASE]
	at org.springframework.web.method.support.InvocableHandlerMethod.invokeForRequest(InvocableHandlerMethod.java:138) [spring-web-5.1.3.RELEASE.jar:5.1.3.RELEASE]
	at org.springframework.web.servlet.mvc.method.annotation.ServletInvocableHandlerMethod.invokeAndHandle(ServletInvocableHandlerMethod.java:102) [spring-webmvc-5.1.3.RELEASE.jar:5.1.3.RELEASE]
	at org.springframework.web.servlet.mvc.method.annotation.RequestMappingHandlerAdapter.invokeHandlerMethod(RequestMappingHandlerAdapter.java:895) [spring-webmvc-5.1.3.RELEASE.jar:5.1.3.RELEASE]
	at org.springframework.web.servlet.mvc.method.annotation.RequestMappingHandlerAdapter.handleInternal(RequestMappingHandlerAdapter.java:800) [spring-webmvc-5.1.3.RELEASE.jar:5.1.3.RELEASE]
	at org.springframework.web.servlet.mvc.method.AbstractHandlerMethodAdapter.handle(AbstractHandlerMethodAdapter.java:87) [spring-webmvc-5.1.3.RELEASE.jar:5.1.3.RELEASE]
	at org.springframework.web.servlet.DispatcherServlet.doDispatch(DispatcherServlet.java:1038) [spring-webmvc-5.1.3.RELEASE.jar:5.1.3.RELEASE]
	at org.springframework.web.servlet.DispatcherServlet.doService(DispatcherServlet.java:942) [spring-webmvc-5.1.3.RELEASE.jar:5.1.3.RELEASE]
	at org.springframework.web.servlet.FrameworkServlet.processRequest(FrameworkServlet.java:1005) [spring-webmvc-5.1.3.RELEASE.jar:5.1.3.RELEASE]
	at org.springframework.web.servlet.FrameworkServlet.doGet(FrameworkServlet.java:897) [spring-webmvc-5.1.3.RELEASE.jar:5.1.3.RELEASE]
	at javax.servlet.http.HttpServlet.service(HttpServlet.java:634) [tomcat-embed-core-9.0.13.jar:9.0.13]
	at org.springframework.web.servlet.FrameworkServlet.service(FrameworkServlet.java:882) [spring-webmvc-5.1.3.RELEASE.jar:5.1.3.RELEASE]
	at javax.servlet.http.HttpServlet.service(HttpServlet.java:741) [tomcat-embed-core-9.0.13.jar:9.0.13]
	at org.apache.catalina.core.ApplicationFilterChain.internalDoFilter(ApplicationFilterChain.java:231) [tomcat-embed-core-9.0.13.jar:9.0.13]
	at org.apache.catalina.core.ApplicationFilterChain.doFilter(ApplicationFilterChain.java:166) [tomcat-embed-core-9.0.13.jar:9.0.13]
	at org.apache.tomcat.websocket.server.WsFilter.doFilter(WsFilter.java:53) [tomcat-embed-websocket-9.0.13.jar:9.0.13]
	at org.apache.catalina.core.ApplicationFilterChain.internalDoFilter(ApplicationFilterChain.java:193) [tomcat-embed-core-9.0.13.jar:9.0.13]
	at org.apache.catalina.core.ApplicationFilterChain.doFilter(ApplicationFilterChain.java:166) [tomcat-embed-core-9.0.13.jar:9.0.13]
	at org.springframework.web.filter.RequestContextFilter.doFilterInternal(RequestContextFilter.java:99) [spring-web-5.1.3.RELEASE.jar:5.1.3.RELEASE]
	at org.springframework.web.filter.OncePerRequestFilter.doFilter(OncePerRequestFilter.java:107) [spring-web-5.1.3.RELEASE.jar:5.1.3.RELEASE]
	at org.apache.catalina.core.ApplicationFilterChain.internalDoFilter(ApplicationFilterChain.java:193) [tomcat-embed-core-9.0.13.jar:9.0.13]
	at org.apache.catalina.core.ApplicationFilterChain.doFilter(ApplicationFilterChain.java:166) [tomcat-embed-core-9.0.13.jar:9.0.13]
	at org.springframework.web.filter.FormContentFilter.doFilterInternal(FormContentFilter.java:92) [spring-web-5.1.3.RELEASE.jar:5.1.3.RELEASE]
	at org.springframework.web.filter.OncePerRequestFilter.doFilter(OncePerRequestFilter.java:107) [spring-web-5.1.3.RELEASE.jar:5.1.3.RELEASE]
	at org.apache.catalina.core.ApplicationFilterChain.internalDoFilter(ApplicationFilterChain.java:193) [tomcat-embed-core-9.0.13.jar:9.0.13]
	at org.apache.catalina.core.ApplicationFilterChain.doFilter(ApplicationFilterChain.java:166) [tomcat-embed-core-9.0.13.jar:9.0.13]
	at org.springframework.web.filter.HiddenHttpMethodFilter.doFilterInternal(HiddenHttpMethodFilter.java:93) [spring-web-5.1.3.RELEASE.jar:5.1.3.RELEASE]
	at org.springframework.web.filter.OncePerRequestFilter.doFilter(OncePerRequestFilter.java:107) [spring-web-5.1.3.RELEASE.jar:5.1.3.RELEASE]
	at org.apache.catalina.core.ApplicationFilterChain.internalDoFilter(ApplicationFilterChain.java:193) [tomcat-embed-core-9.0.13.jar:9.0.13]
	at org.apache.catalina.core.ApplicationFilterChain.doFilter(ApplicationFilterChain.java:166) [tomcat-embed-core-9.0.13.jar:9.0.13]
	at org.springframework.web.filter.CharacterEncodingFilter.doFilterInternal(CharacterEncodingFilter.java:200) [spring-web-5.1.3.RELEASE.jar:5.1.3.RELEASE]
	at org.springframework.web.filter.OncePerRequestFilter.doFilter(OncePerRequestFilter.java:107) [spring-web-5.1.3.RELEASE.jar:5.1.3.RELEASE]
	at org.apache.catalina.core.ApplicationFilterChain.internalDoFilter(ApplicationFilterChain.java:193) [tomcat-embed-core-9.0.13.jar:9.0.13]
	at org.apache.catalina.core.ApplicationFilterChain.doFilter(ApplicationFilterChain.java:166) [tomcat-embed-core-9.0.13.jar:9.0.13]
	at org.apache.catalina.core.StandardWrapperValve.invoke(StandardWrapperValve.java:199) [tomcat-embed-core-9.0.13.jar:9.0.13]
	at org.apache.catalina.core.StandardContextValve.invoke(StandardContextValve.java:96) [tomcat-embed-core-9.0.13.jar:9.0.13]
	at org.apache.catalina.authenticator.AuthenticatorBase.invoke(AuthenticatorBase.java:490) [tomcat-embed-core-9.0.13.jar:9.0.13]
	at org.apache.catalina.core.StandardHostValve.invoke(StandardHostValve.java:139) [tomcat-embed-core-9.0.13.jar:9.0.13]
	at org.apache.catalina.valves.ErrorReportValve.invoke(ErrorReportValve.java:92) [tomcat-embed-core-9.0.13.jar:9.0.13]
	at org.apache.catalina.core.StandardEngineValve.invoke(StandardEngineValve.java:74) [tomcat-embed-core-9.0.13.jar:9.0.13]
	at org.apache.catalina.connector.CoyoteAdapter.service(CoyoteAdapter.java:343) [tomcat-embed-core-9.0.13.jar:9.0.13]
	at org.apache.coyote.http11.Http11Processor.service(Http11Processor.java:408) [tomcat-embed-core-9.0.13.jar:9.0.13]
	at org.apache.coyote.AbstractProcessorLight.process(AbstractProcessorLight.java:66) [tomcat-embed-core-9.0.13.jar:9.0.13]
	at org.apache.coyote.AbstractProtocol$ConnectionHandler.process(AbstractProtocol.java:791) [tomcat-embed-core-9.0.13.jar:9.0.13]
	at org.apache.tomcat.util.net.NioEndpoint$SocketProcessor.doRun(NioEndpoint.java:1417) [tomcat-embed-core-9.0.13.jar:9.0.13]
	at org.apache.tomcat.util.net.SocketProcessorBase.run(SocketProcessorBase.java:49) [tomcat-embed-core-9.0.13.jar:9.0.13]
	at java.util.concurrent.ThreadPoolExecutor.runWorker(Unknown Source) [?:1.8.0_45]
	at java.util.concurrent.ThreadPoolExecutor$Worker.run(Unknown Source) [?:1.8.0_45]
	at org.apache.tomcat.util.threads.TaskThread$WrappingRunnable.run(TaskThread.java:61) [tomcat-embed-core-9.0.13.jar:9.0.13]
	at java.lang.Thread.run(Unknown Source) [?:1.8.0_45]
2020-01-14 20:04:58.427|DEBUG|http-nio-9090-exec-1|com.ahdy.xem.transaction.aspect.PrintLogAspect.round(PrintLogAspect.java:37)|: 调用方法 : 
2020-01-14 20:04:58.533|ERROR|http-nio-9090-exec-1|com.ahdy.xem.transaction.aspect.PrintLogAspect.afterThrowing(PrintLogAspect.java:53)|: method R com.ahdy.xem.transaction.controller.OrderController.trans() exception : 
java.lang.ArithmeticException: / by zero
	at com.ahdy.xem.transaction.service.impl.OrdersServiceImpl.accountMoney(OrdersServiceImpl.java:30) ~[classes/:?]
	at com.ahdy.xem.transaction.service.impl.OrdersServiceImpl$$FastClassBySpringCGLIB$$d2d0df1e.invoke(<generated>) ~[classes/:?]
	at org.springframework.cglib.proxy.MethodProxy.invoke(MethodProxy.java:218) ~[spring-core-5.1.3.RELEASE.jar:5.1.3.RELEASE]
	at org.springframework.aop.framework.CglibAopProxy$CglibMethodInvocation.invokeJoinpoint(CglibAopProxy.java:749) ~[spring-aop-5.1.3.RELEASE.jar:5.1.3.RELEASE]
	at org.springframework.aop.framework.ReflectiveMethodInvocation.proceed(ReflectiveMethodInvocation.java:163) ~[spring-aop-5.1.3.RELEASE.jar:5.1.3.RELEASE]
	at org.springframework.transaction.interceptor.TransactionInterceptor$$Lambda$451/1111686616.proceedWithInvocation(Unknown Source) ~[?:?]
	at org.springframework.transaction.interceptor.TransactionAspectSupport.invokeWithinTransaction(TransactionAspectSupport.java:294) ~[spring-tx-5.1.3.RELEASE.jar:5.1.3.RELEASE]
	at org.springframework.transaction.interceptor.TransactionInterceptor.invoke(TransactionInterceptor.java:98) ~[spring-tx-5.1.3.RELEASE.jar:5.1.3.RELEASE]
	at org.springframework.aop.framework.ReflectiveMethodInvocation.proceed(ReflectiveMethodInvocation.java:186) ~[spring-aop-5.1.3.RELEASE.jar:5.1.3.RELEASE]
	at org.springframework.aop.framework.CglibAopProxy$DynamicAdvisedInterceptor.intercept(CglibAopProxy.java:688) ~[spring-aop-5.1.3.RELEASE.jar:5.1.3.RELEASE]
	at com.ahdy.xem.transaction.service.impl.OrdersServiceImpl$$EnhancerBySpringCGLIB$$a431f033.accountMoney(<generated>) ~[classes/:?]
	at com.ahdy.xem.transaction.controller.OrderController.trans(OrderController.java:23) ~[classes/:?]
	at com.ahdy.xem.transaction.controller.OrderController$$FastClassBySpringCGLIB$$6547d67b.invoke(<generated>) ~[classes/:?]
	at org.springframework.cglib.proxy.MethodProxy.invoke(MethodProxy.java:218) ~[spring-core-5.1.3.RELEASE.jar:5.1.3.RELEASE]
	at org.springframework.aop.framework.CglibAopProxy$CglibMethodInvocation.invokeJoinpoint(CglibAopProxy.java:749) ~[spring-aop-5.1.3.RELEASE.jar:5.1.3.RELEASE]
	at org.springframework.aop.framework.ReflectiveMethodInvocation.proceed(ReflectiveMethodInvocation.java:163) ~[spring-aop-5.1.3.RELEASE.jar:5.1.3.RELEASE]
	at org.springframework.aop.aspectj.MethodInvocationProceedingJoinPoint.proceed(MethodInvocationProceedingJoinPoint.java:88) ~[spring-aop-5.1.3.RELEASE.jar:5.1.3.RELEASE]
	at com.ahdy.xem.transaction.aspect.PrintLogAspect.round(PrintLogAspect.java:39) [classes/:?]
	at sun.reflect.NativeMethodAccessorImpl.invoke0(Native Method) ~[?:1.8.0_45]
	at sun.reflect.NativeMethodAccessorImpl.invoke(Unknown Source) ~[?:1.8.0_45]
	at sun.reflect.DelegatingMethodAccessorImpl.invoke(Unknown Source) ~[?:1.8.0_45]
	at java.lang.reflect.Method.invoke(Unknown Source) ~[?:1.8.0_45]
	at org.springframework.aop.aspectj.AbstractAspectJAdvice.invokeAdviceMethodWithGivenArgs(AbstractAspectJAdvice.java:644) [spring-aop-5.1.3.RELEASE.jar:5.1.3.RELEASE]
	at org.springframework.aop.aspectj.AbstractAspectJAdvice.invokeAdviceMethod(AbstractAspectJAdvice.java:633) [spring-aop-5.1.3.RELEASE.jar:5.1.3.RELEASE]
	at org.springframework.aop.aspectj.AspectJAroundAdvice.invoke(AspectJAroundAdvice.java:70) ~[spring-aop-5.1.3.RELEASE.jar:5.1.3.RELEASE]
	at org.springframework.aop.framework.ReflectiveMethodInvocation.proceed(ReflectiveMethodInvocation.java:175) ~[spring-aop-5.1.3.RELEASE.jar:5.1.3.RELEASE]
	at org.springframework.aop.aspectj.AspectJAfterThrowingAdvice.invoke(AspectJAfterThrowingAdvice.java:62) [spring-aop-5.1.3.RELEASE.jar:5.1.3.RELEASE]
	at org.springframework.aop.framework.ReflectiveMethodInvocation.proceed(ReflectiveMethodInvocation.java:175) [spring-aop-5.1.3.RELEASE.jar:5.1.3.RELEASE]
	at org.springframework.aop.interceptor.ExposeInvocationInterceptor.invoke(ExposeInvocationInterceptor.java:93) [spring-aop-5.1.3.RELEASE.jar:5.1.3.RELEASE]
	at org.springframework.aop.framework.ReflectiveMethodInvocation.proceed(ReflectiveMethodInvocation.java:186) [spring-aop-5.1.3.RELEASE.jar:5.1.3.RELEASE]
	at org.springframework.aop.framework.CglibAopProxy$DynamicAdvisedInterceptor.intercept(CglibAopProxy.java:688) [spring-aop-5.1.3.RELEASE.jar:5.1.3.RELEASE]
	at com.ahdy.xem.transaction.controller.OrderController$$EnhancerBySpringCGLIB$$fdcb8b10.trans(<generated>) [classes/:?]
	at sun.reflect.NativeMethodAccessorImpl.invoke0(Native Method) ~[?:1.8.0_45]
	at sun.reflect.NativeMethodAccessorImpl.invoke(Unknown Source) ~[?:1.8.0_45]
	at sun.reflect.DelegatingMethodAccessorImpl.invoke(Unknown Source) ~[?:1.8.0_45]
	at java.lang.reflect.Method.invoke(Unknown Source) ~[?:1.8.0_45]
	at org.springframework.web.method.support.InvocableHandlerMethod.doInvoke(InvocableHandlerMethod.java:189) [spring-web-5.1.3.RELEASE.jar:5.1.3.RELEASE]
	at org.springframework.web.method.support.InvocableHandlerMethod.invokeForRequest(InvocableHandlerMethod.java:138) [spring-web-5.1.3.RELEASE.jar:5.1.3.RELEASE]
	at org.springframework.web.servlet.mvc.method.annotation.ServletInvocableHandlerMethod.invokeAndHandle(ServletInvocableHandlerMethod.java:102) [spring-webmvc-5.1.3.RELEASE.jar:5.1.3.RELEASE]
	at org.springframework.web.servlet.mvc.method.annotation.RequestMappingHandlerAdapter.invokeHandlerMethod(RequestMappingHandlerAdapter.java:895) [spring-webmvc-5.1.3.RELEASE.jar:5.1.3.RELEASE]
	at org.springframework.web.servlet.mvc.method.annotation.RequestMappingHandlerAdapter.handleInternal(RequestMappingHandlerAdapter.java:800) [spring-webmvc-5.1.3.RELEASE.jar:5.1.3.RELEASE]
	at org.springframework.web.servlet.mvc.method.AbstractHandlerMethodAdapter.handle(AbstractHandlerMethodAdapter.java:87) [spring-webmvc-5.1.3.RELEASE.jar:5.1.3.RELEASE]
	at org.springframework.web.servlet.DispatcherServlet.doDispatch(DispatcherServlet.java:1038) [spring-webmvc-5.1.3.RELEASE.jar:5.1.3.RELEASE]
	at org.springframework.web.servlet.DispatcherServlet.doService(DispatcherServlet.java:942) [spring-webmvc-5.1.3.RELEASE.jar:5.1.3.RELEASE]
	at org.springframework.web.servlet.FrameworkServlet.processRequest(FrameworkServlet.java:1005) [spring-webmvc-5.1.3.RELEASE.jar:5.1.3.RELEASE]
	at org.springframework.web.servlet.FrameworkServlet.doGet(FrameworkServlet.java:897) [spring-webmvc-5.1.3.RELEASE.jar:5.1.3.RELEASE]
	at javax.servlet.http.HttpServlet.service(HttpServlet.java:634) [tomcat-embed-core-9.0.13.jar:9.0.13]
	at org.springframework.web.servlet.FrameworkServlet.service(FrameworkServlet.java:882) [spring-webmvc-5.1.3.RELEASE.jar:5.1.3.RELEASE]
	at javax.servlet.http.HttpServlet.service(HttpServlet.java:741) [tomcat-embed-core-9.0.13.jar:9.0.13]
	at org.apache.catalina.core.ApplicationFilterChain.internalDoFilter(ApplicationFilterChain.java:231) [tomcat-embed-core-9.0.13.jar:9.0.13]
	at org.apache.catalina.core.ApplicationFilterChain.doFilter(ApplicationFilterChain.java:166) [tomcat-embed-core-9.0.13.jar:9.0.13]
	at org.apache.tomcat.websocket.server.WsFilter.doFilter(WsFilter.java:53) [tomcat-embed-websocket-9.0.13.jar:9.0.13]
	at org.apache.catalina.core.ApplicationFilterChain.internalDoFilter(ApplicationFilterChain.java:193) [tomcat-embed-core-9.0.13.jar:9.0.13]
	at org.apache.catalina.core.ApplicationFilterChain.doFilter(ApplicationFilterChain.java:166) [tomcat-embed-core-9.0.13.jar:9.0.13]
	at org.springframework.web.filter.RequestContextFilter.doFilterInternal(RequestContextFilter.java:99) [spring-web-5.1.3.RELEASE.jar:5.1.3.RELEASE]
	at org.springframework.web.filter.OncePerRequestFilter.doFilter(OncePerRequestFilter.java:107) [spring-web-5.1.3.RELEASE.jar:5.1.3.RELEASE]
	at org.apache.catalina.core.ApplicationFilterChain.internalDoFilter(ApplicationFilterChain.java:193) [tomcat-embed-core-9.0.13.jar:9.0.13]
	at org.apache.catalina.core.ApplicationFilterChain.doFilter(ApplicationFilterChain.java:166) [tomcat-embed-core-9.0.13.jar:9.0.13]
	at org.springframework.web.filter.FormContentFilter.doFilterInternal(FormContentFilter.java:92) [spring-web-5.1.3.RELEASE.jar:5.1.3.RELEASE]
	at org.springframework.web.filter.OncePerRequestFilter.doFilter(OncePerRequestFilter.java:107) [spring-web-5.1.3.RELEASE.jar:5.1.3.RELEASE]
	at org.apache.catalina.core.ApplicationFilterChain.internalDoFilter(ApplicationFilterChain.java:193) [tomcat-embed-core-9.0.13.jar:9.0.13]
	at org.apache.catalina.core.ApplicationFilterChain.doFilter(ApplicationFilterChain.java:166) [tomcat-embed-core-9.0.13.jar:9.0.13]
	at org.springframework.web.filter.HiddenHttpMethodFilter.doFilterInternal(HiddenHttpMethodFilter.java:93) [spring-web-5.1.3.RELEASE.jar:5.1.3.RELEASE]
	at org.springframework.web.filter.OncePerRequestFilter.doFilter(OncePerRequestFilter.java:107) [spring-web-5.1.3.RELEASE.jar:5.1.3.RELEASE]
	at org.apache.catalina.core.ApplicationFilterChain.internalDoFilter(ApplicationFilterChain.java:193) [tomcat-embed-core-9.0.13.jar:9.0.13]
	at org.apache.catalina.core.ApplicationFilterChain.doFilter(ApplicationFilterChain.java:166) [tomcat-embed-core-9.0.13.jar:9.0.13]
	at org.springframework.web.filter.CharacterEncodingFilter.doFilterInternal(CharacterEncodingFilter.java:200) [spring-web-5.1.3.RELEASE.jar:5.1.3.RELEASE]
	at org.springframework.web.filter.OncePerRequestFilter.doFilter(OncePerRequestFilter.java:107) [spring-web-5.1.3.RELEASE.jar:5.1.3.RELEASE]
	at org.apache.catalina.core.ApplicationFilterChain.internalDoFilter(ApplicationFilterChain.java:193) [tomcat-embed-core-9.0.13.jar:9.0.13]
	at org.apache.catalina.core.ApplicationFilterChain.doFilter(ApplicationFilterChain.java:166) [tomcat-embed-core-9.0.13.jar:9.0.13]
	at org.apache.catalina.core.StandardWrapperValve.invoke(StandardWrapperValve.java:199) [tomcat-embed-core-9.0.13.jar:9.0.13]
	at org.apache.catalina.core.StandardContextValve.invoke(StandardContextValve.java:96) [tomcat-embed-core-9.0.13.jar:9.0.13]
	at org.apache.catalina.authenticator.AuthenticatorBase.invoke(AuthenticatorBase.java:490) [tomcat-embed-core-9.0.13.jar:9.0.13]
	at org.apache.catalina.core.StandardHostValve.invoke(StandardHostValve.java:139) [tomcat-embed-core-9.0.13.jar:9.0.13]
	at org.apache.catalina.valves.ErrorReportValve.invoke(ErrorReportValve.java:92) [tomcat-embed-core-9.0.13.jar:9.0.13]
	at org.apache.catalina.core.StandardEngineValve.invoke(StandardEngineValve.java:74) [tomcat-embed-core-9.0.13.jar:9.0.13]
	at org.apache.catalina.connector.CoyoteAdapter.service(CoyoteAdapter.java:343) [tomcat-embed-core-9.0.13.jar:9.0.13]
	at org.apache.coyote.http11.Http11Processor.service(Http11Processor.java:408) [tomcat-embed-core-9.0.13.jar:9.0.13]
	at org.apache.coyote.AbstractProcessorLight.process(AbstractProcessorLight.java:66) [tomcat-embed-core-9.0.13.jar:9.0.13]
	at org.apache.coyote.AbstractProtocol$ConnectionHandler.process(AbstractProtocol.java:791) [tomcat-embed-core-9.0.13.jar:9.0.13]
	at org.apache.tomcat.util.net.NioEndpoint$SocketProcessor.doRun(NioEndpoint.java:1417) [tomcat-embed-core-9.0.13.jar:9.0.13]
	at org.apache.tomcat.util.net.SocketProcessorBase.run(SocketProcessorBase.java:49) [tomcat-embed-core-9.0.13.jar:9.0.13]
	at java.util.concurrent.ThreadPoolExecutor.runWorker(Unknown Source) [?:1.8.0_45]
	at java.util.concurrent.ThreadPoolExecutor$Worker.run(Unknown Source) [?:1.8.0_45]
	at org.apache.tomcat.util.threads.TaskThread$WrappingRunnable.run(TaskThread.java:61) [tomcat-embed-core-9.0.13.jar:9.0.13]
	at java.lang.Thread.run(Unknown Source) [?:1.8.0_45]
